# JRE version: OpenJDK Runtime Environment (17.0.6) (build 17.0.6+0-b2043.56-10027231)
# Java VM: OpenJDK 64-Bit Server VM (17.0.6+0-b2043.56-10027231, mixed mode, tiered, compressed oops, compressed class ptrs, g1 gc, windows-amd64)
GC Precious Log:
 CPUs: 8 total, 8 available
 Memory: 16167M
 Large Page Support: Disabled
 NUMA Support: Disabled
 Compressed Oops: Enabled (32-bit)
 Heap Region Size: 1M
 Heap Min Capacity: 8M
 Heap Initial Capacity: 254M
 Heap Max Capacity: 2G
 Pre-touch: Disabled
 Parallel Workers: 8
 Concurrent Workers: 2
 Concurrent Refinement Workers: 8
 Periodic GC: Disabled
Heap:
 garbage-first heap   total 148480K, used 85667K [0x0000000080000000, 0x0000000100000000)
  region size 1024K, 5 young (5120K), 5 survivors (5120K)
 Metaspace       used 90621K, committed 91264K, reserved 1130496K
  class space    used 12460K, committed 12736K, reserved 1048576K
GC Heap History (20 events):
Event: 4.849 GC heap after
{Heap after GC invocations=22 (full 0):
 garbage-first heap   total 107520K, used 51381K [0x0000000080000000, 0x0000000100000000)
  region size 1024K, 3 young (3072K), 3 survivors (3072K)
 Metaspace       used 64580K, committed 65152K, reserved 1105920K
  class space    used 8617K, committed 8896K, reserved 1048576K
}
Event: 4.870 GC heap before
{Heap before GC invocations=22 (full 0):
 garbage-first heap   total 107520K, used 53429K [0x0000000080000000, 0x0000000100000000)
  region size 1024K, 5 young (5120K), 3 survivors (3072K)
 Metaspace       used 64841K, committed 65344K, reserved 1105920K
  class space    used 8637K, committed 8896K, reserved 1048576K
}
Event: 4.873 GC heap after
{Heap after GC invocations=23 (full 0):
 garbage-first heap   total 145408K, used 51422K [0x0000000080000000, 0x0000000100000000)
  region size 1024K, 1 young (1024K), 1 survivors (1024K)
 Metaspace       used 64841K, committed 65344K, reserved 1105920K
  class space    used 8637K, committed 8896K, reserved 1048576K
}
Event: 5.415 GC heap before
{Heap before GC invocations=23 (full 0):
 garbage-first heap   total 145408K, used 99550K [0x0000000080000000, 0x0000000100000000)
  region size 1024K, 48 young (49152K), 1 survivors (1024K)
 Metaspace       used 70350K, committed 70976K, reserved 1114112K
  class space    used 9371K, committed 9664K, reserved 1048576K
}
Event: 5.419 GC heap after
{Heap after GC invocations=24 (full 0):
 garbage-first heap   total 145408K, used 54039K [0x0000000080000000, 0x0000000100000000)
  region size 1024K, 4 young (4096K), 4 survivors (4096K)
 Metaspace       used 70350K, committed 70976K, reserved 1114112K
  class space    used 9371K, committed 9664K, reserved 1048576K
}
Event: 5.981 GC heap before
{Heap before GC invocations=24 (full 0):
 garbage-first heap   total 145408K, used 106263K [0x0000000080000000, 0x0000000100000000)
  region size 1024K, 55 young (56320K), 4 survivors (4096K)
 Metaspace       used 75061K, committed 75648K, reserved 1122304K
  class space    used 10024K, committed 10304K, reserved 1048576K
}
Event: 5.986 GC heap after
{Heap after GC invocations=25 (full 0):
 garbage-first heap   total 145408K, used 58536K [0x0000000080000000, 0x0000000100000000)
  region size 1024K, 7 young (7168K), 7 survivors (7168K)
 Metaspace       used 75061K, committed 75648K, reserved 1122304K
  class space    used 10024K, committed 10304K, reserved 1048576K
}
Event: 6.607 GC heap before
{Heap before GC invocations=25 (full 0):
 garbage-first heap   total 145408K, used 108712K [0x0000000080000000, 0x0000000100000000)
  region size 1024K, 56 young (57344K), 7 survivors (7168K)
 Metaspace       used 80873K, committed 81472K, reserved 1122304K
  class space    used 11021K, committed 11328K, reserved 1048576K
}
Event: 6.613 GC heap after
{Heap after GC invocations=26 (full 0):
 garbage-first heap   total 145408K, used 62573K [0x0000000080000000, 0x0000000100000000)
  region size 1024K, 4 young (4096K), 4 survivors (4096K)
 Metaspace       used 80873K, committed 81472K, reserved 1122304K
  class space    used 11021K, committed 11328K, reserved 1048576K
}
Event: 7.162 GC heap before
{Heap before GC invocations=26 (full 0):
 garbage-first heap   total 145408K, used 111725K [0x0000000080000000, 0x0000000100000000)
  region size 1024K, 52 young (53248K), 4 survivors (4096K)
 Metaspace       used 86646K, committed 87296K, reserved 1130496K
  class space    used 11854K, committed 12160K, reserved 1048576K
}
Event: 7.166 GC heap after
{Heap after GC invocations=27 (full 0):
 garbage-first heap   total 145408K, used 66044K [0x0000000080000000, 0x0000000100000000)
  region size 1024K, 7 young (7168K), 7 survivors (7168K)
 Metaspace       used 86646K, committed 87296K, reserved 1130496K
  class space    used 11854K, committed 12160K, reserved 1048576K
}
Event: 7.456 GC heap before
{Heap before GC invocations=27 (full 0):
 garbage-first heap   total 145408K, used 114172K [0x0000000080000000, 0x0000000100000000)
  region size 1024K, 54 young (55296K), 7 survivors (7168K)
 Metaspace       used 87847K, committed 88512K, reserved 1130496K
  class space    used 12010K, committed 12352K, reserved 1048576K
}
Event: 7.463 GC heap after
{Heap after GC invocations=28 (full 0):
 garbage-first heap   total 145408K, used 73185K [0x0000000080000000, 0x0000000100000000)
  region size 1024K, 7 young (7168K), 7 survivors (7168K)
 Metaspace       used 87847K, committed 88512K, reserved 1130496K
  class space    used 12010K, committed 12352K, reserved 1048576K
}
Event: 7.834 GC heap before
{Heap before GC invocations=28 (full 0):
 garbage-first heap   total 145408K, used 113121K [0x0000000080000000, 0x0000000100000000)
  region size 1024K, 47 young (48128K), 7 survivors (7168K)
 Metaspace       used 89909K, committed 90560K, reserved 1130496K
  class space    used 12406K, committed 12736K, reserved 1048576K
}
Event: 7.841 GC heap after
{Heap after GC invocations=29 (full 0):
 garbage-first heap   total 145408K, used 79511K [0x0000000080000000, 0x0000000100000000)
  region size 1024K, 6 young (6144K), 6 survivors (6144K)
 Metaspace       used 89909K, committed 90560K, reserved 1130496K
  class space    used 12406K, committed 12736K, reserved 1048576K
}
Event: 8.074 GC heap before
{Heap before GC invocations=30 (full 0):
 garbage-first heap   total 148480K, used 114327K [0x0000000080000000, 0x0000000100000000)
  region size 1024K, 41 young (41984K), 6 survivors (6144K)
 Metaspace       used 90101K, committed 90752K, reserved 1130496K
  class space    used 12412K, committed 12736K, reserved 1048576K
}
Event: 8.079 GC heap after
{Heap after GC invocations=31 (full 0):
 garbage-first heap   total 148480K, used 82675K [0x0000000080000000, 0x0000000100000000)
  region size 1024K, 5 young (5120K), 5 survivors (5120K)
 Metaspace       used 90101K, committed 90752K, reserved 1130496K
  class space    used 12412K, committed 12736K, reserved 1048576K
}
Event: 8.092 GC heap before
{Heap before GC invocations=31 (full 0):
 garbage-first heap   total 148480K, used 84723K [0x0000000080000000, 0x0000000100000000)
  region size 1024K, 7 young (7168K), 5 survivors (5120K)
 Metaspace       used 90117K, committed 90752K, reserved 1130496K
  class space    used 12412K, committed 12736K, reserved 1048576K
}
Event: 8.095 GC heap after
{Heap after GC invocations=32 (full 0):
 garbage-first heap   total 148480K, used 81918K [0x0000000080000000, 0x0000000100000000)
  region size 1024K, 1 young (1024K), 1 survivors (1024K)
 Metaspace       used 90117K, committed 90752K, reserved 1130496K
  class space    used 12412K, committed 12736K, reserved 1048576K
}
Event: 8.340 GC heap before
{Heap before GC invocations=32 (full 0):
 garbage-first heap   total 148480K, used 116734K [0x0000000080000000, 0x0000000100000000)
  region size 1024K, 36 young (36864K), 1 survivors (1024K)
 Metaspace       used 90621K, committed 91264K, reserved 1130496K
  class space    used 12460K, committed 12736K, reserved 1048576K
}

