# JRE version: OpenJDK Runtime Environment (17.0.6) (build 17.0.6+0-b2043.56-10027231)
# Java VM: OpenJDK 64-Bit Server VM (17.0.6+0-b2043.56-10027231, mixed mode, tiered, compressed oops, compressed class ptrs, g1 gc, windows-amd64)
GC Precious Log:
 CPUs: 8 total, 8 available
 Memory: 16167M
 Large Page Support: Disabled
 NUMA Support: Disabled
 Compressed Oops: Enabled (32-bit)
 Heap Region Size: 1M
 Heap Min Capacity: 8M
 Heap Initial Capacity: 254M
 Heap Max Capacity: 2G
 Pre-touch: Disabled
 Parallel Workers: 8
 Concurrent Workers: 2
 Concurrent Refinement Workers: 8
 Periodic GC: Disabled
Heap:
 garbage-first heap   total 102400K, used 63191K [0x0000000080000000, 0x0000000100000000)
  region size 1024K, 9 young (9216K), 2 survivors (2048K)
 Metaspace       used 64306K, committed 64768K, reserved 1105920K
  class space    used 8565K, committed 8768K, reserved 1048576K
GC Heap History (20 events):
Event: 6.701 GC heap before
{Heap before GC invocations=19 (full 0):
 garbage-first heap   total 71680K, used 41083K [0x0000000080000000, 0x0000000100000000)
  region size 1024K, 4 young (4096K), 1 survivors (1024K)
 Metaspace       used 53274K, committed 53760K, reserved 1097728K
  class space    used 7118K, committed 7360K, reserved 1048576K
}
Event: 6.703 GC heap after
{Heap after GC invocations=20 (full 0):
 garbage-first heap   total 71680K, used 40935K [0x0000000080000000, 0x0000000100000000)
  region size 1024K, 2 young (2048K), 2 survivors (2048K)
 Metaspace       used 53274K, committed 53760K, reserved 1097728K
  class space    used 7118K, committed 7360K, reserved 1048576K
}
Event: 6.834 GC heap before
{Heap before GC invocations=21 (full 0):
 garbage-first heap   total 75776K, used 44007K [0x0000000080000000, 0x0000000100000000)
  region size 1024K, 6 young (6144K), 2 survivors (2048K)
 Metaspace       used 53285K, committed 53760K, reserved 1097728K
  class space    used 7118K, committed 7360K, reserved 1048576K
}
Event: 6.835 GC heap after
{Heap after GC invocations=22 (full 0):
 garbage-first heap   total 75776K, used 45077K [0x0000000080000000, 0x0000000100000000)
  region size 1024K, 2 young (2048K), 2 survivors (2048K)
 Metaspace       used 53285K, committed 53760K, reserved 1097728K
  class space    used 7118K, committed 7360K, reserved 1048576K
}
Event: 7.007 GC heap before
{Heap before GC invocations=23 (full 0):
 garbage-first heap   total 80896K, used 55317K [0x0000000080000000, 0x0000000100000000)
  region size 1024K, 12 young (12288K), 2 survivors (2048K)
 Metaspace       used 54448K, committed 54912K, reserved 1097728K
  class space    used 7269K, committed 7488K, reserved 1048576K
}
Event: 7.009 GC heap after
{Heap after GC invocations=24 (full 0):
 garbage-first heap   total 80896K, used 46472K [0x0000000080000000, 0x0000000100000000)
  region size 1024K, 2 young (2048K), 2 survivors (2048K)
 Metaspace       used 54448K, committed 54912K, reserved 1097728K
  class space    used 7269K, committed 7488K, reserved 1048576K
}
Event: 7.167 GC heap before
{Heap before GC invocations=24 (full 0):
 garbage-first heap   total 80896K, used 58760K [0x0000000080000000, 0x0000000100000000)
  region size 1024K, 14 young (14336K), 2 survivors (2048K)
 Metaspace       used 56151K, committed 56640K, reserved 1097728K
  class space    used 7517K, committed 7744K, reserved 1048576K
}
Event: 7.169 GC heap after
{Heap after GC invocations=25 (full 0):
 garbage-first heap   total 80896K, used 46898K [0x0000000080000000, 0x0000000100000000)
  region size 1024K, 1 young (1024K), 1 survivors (1024K)
 Metaspace       used 56151K, committed 56640K, reserved 1097728K
  class space    used 7517K, committed 7744K, reserved 1048576K
}
Event: 7.387 GC heap before
{Heap before GC invocations=26 (full 0):
 garbage-first heap   total 83968K, used 59186K [0x0000000080000000, 0x0000000100000000)
  region size 1024K, 13 young (13312K), 1 survivors (1024K)
 Metaspace       used 58101K, committed 58560K, reserved 1105920K
  class space    used 7733K, committed 7936K, reserved 1048576K
}
Event: 7.389 GC heap after
{Heap after GC invocations=27 (full 0):
 garbage-first heap   total 83968K, used 47346K [0x0000000080000000, 0x0000000100000000)
  region size 1024K, 1 young (1024K), 1 survivors (1024K)
 Metaspace       used 58101K, committed 58560K, reserved 1105920K
  class space    used 7733K, committed 7936K, reserved 1048576K
}
Event: 7.502 GC heap before
{Heap before GC invocations=27 (full 0):
 garbage-first heap   total 83968K, used 50418K [0x0000000080000000, 0x0000000100000000)
  region size 1024K, 4 young (4096K), 1 survivors (1024K)
 Metaspace       used 58878K, committed 59392K, reserved 1105920K
  class space    used 7827K, committed 8064K, reserved 1048576K
}
Event: 7.503 GC heap after
{Heap after GC invocations=28 (full 0):
 garbage-first heap   total 83968K, used 46681K [0x0000000080000000, 0x0000000100000000)
  region size 1024K, 1 young (1024K), 1 survivors (1024K)
 Metaspace       used 58878K, committed 59392K, reserved 1105920K
  class space    used 7827K, committed 8064K, reserved 1048576K
}
Event: 8.010 GC heap before
{Heap before GC invocations=28 (full 0):
 garbage-first heap   total 83968K, used 62041K [0x0000000080000000, 0x0000000100000000)
  region size 1024K, 16 young (16384K), 1 survivors (1024K)
 Metaspace       used 61651K, committed 62208K, reserved 1105920K
  class space    used 8204K, committed 8448K, reserved 1048576K
}
Event: 8.012 GC heap after
{Heap after GC invocations=29 (full 0):
 garbage-first heap   total 83968K, used 47573K [0x0000000080000000, 0x0000000100000000)
  region size 1024K, 2 young (2048K), 2 survivors (2048K)
 Metaspace       used 61651K, committed 62208K, reserved 1105920K
  class space    used 8204K, committed 8448K, reserved 1048576K
}
Event: 8.181 GC heap before
{Heap before GC invocations=30 (full 0):
 garbage-first heap   total 87040K, used 68053K [0x0000000080000000, 0x0000000100000000)
  region size 1024K, 18 young (18432K), 2 survivors (2048K)
 Metaspace       used 63836K, committed 64384K, reserved 1105920K
  class space    used 8485K, committed 8704K, reserved 1048576K
}
Event: 8.185 GC heap after
{Heap after GC invocations=31 (full 0):
 garbage-first heap   total 87040K, used 53640K [0x0000000080000000, 0x0000000100000000)
  region size 1024K, 3 young (3072K), 3 survivors (3072K)
 Metaspace       used 63836K, committed 64384K, reserved 1105920K
  class space    used 8485K, committed 8704K, reserved 1048576K
}
Event: 8.187 GC heap before
{Heap before GC invocations=31 (full 0):
 garbage-first heap   total 87040K, used 54664K [0x0000000080000000, 0x0000000100000000)
  region size 1024K, 4 young (4096K), 3 survivors (3072K)
 Metaspace       used 63836K, committed 64384K, reserved 1105920K
  class space    used 8485K, committed 8704K, reserved 1048576K
}
Event: 8.190 GC heap after
{Heap after GC invocations=32 (full 0):
 garbage-first heap   total 87040K, used 54346K [0x0000000080000000, 0x0000000100000000)
  region size 1024K, 1 young (1024K), 1 survivors (1024K)
 Metaspace       used 63836K, committed 64384K, reserved 1105920K
  class space    used 8485K, committed 8704K, reserved 1048576K
}
Event: 8.203 GC heap before
{Heap before GC invocations=32 (full 0):
 garbage-first heap   total 87040K, used 57418K [0x0000000080000000, 0x0000000100000000)
  region size 1024K, 5 young (5120K), 1 survivors (1024K)
 Metaspace       used 63842K, committed 64384K, reserved 1105920K
  class space    used 8485K, committed 8704K, reserved 1048576K
}
Event: 8.204 GC heap after
{Heap after GC invocations=33 (full 0):
 garbage-first heap   total 87040K, used 54999K [0x0000000080000000, 0x0000000100000000)
  region size 1024K, 2 young (2048K), 2 survivors (2048K)
 Metaspace       used 63842K, committed 64384K, reserved 1105920K
  class space    used 8485K, committed 8704K, reserved 1048576K
}

